[debug] [2023-11-17T05:59:21.662Z] ----------------------------------------------------------------------
[debug] [2023-11-17T05:59:21.665Z] Command:       C:\Program Files\nodejs\node.exe C:\Users\navee\AppData\Roaming\npm\node_modules\firebase-tools\lib\bin\firebase.js deploy
[debug] [2023-11-17T05:59:21.665Z] CLI Version:   12.9.1
[debug] [2023-11-17T05:59:21.666Z] Platform:      win32
[debug] [2023-11-17T05:59:21.666Z] Node Version:  v18.15.0
[debug] [2023-11-17T05:59:21.667Z] Time:          Fri Nov 17 2023 11:29:21 GMT+0530 (India Standard Time)
[debug] [2023-11-17T05:59:21.667Z] ----------------------------------------------------------------------
[debug] 
[debug] [2023-11-17T05:59:21.766Z] > command requires scopes: ["email","openid","https://www.googleapis.com/auth/cloudplatformprojects.readonly","https://www.googleapis.com/auth/firebase","https://www.googleapis.com/auth/cloud-platform"]
[debug] [2023-11-17T05:59:21.767Z] > authorizing via signed-in user (kishormahendran6@gmail.com)
[debug] [2023-11-17T05:59:21.774Z] [iam] checking project webapp-portfolio for permissions ["firebase.projects.get","firebasehosting.sites.update"]
[debug] [2023-11-17T05:59:21.778Z] >>> [apiv2][query] POST https://cloudresourcemanager.googleapis.com/v1/projects/webapp-portfolio:testIamPermissions [none]
[debug] [2023-11-17T05:59:21.778Z] >>> [apiv2][(partial)header] POST https://cloudresourcemanager.googleapis.com/v1/projects/webapp-portfolio:testIamPermissions x-goog-quota-user=projects/webapp-portfolio
[debug] [2023-11-17T05:59:21.778Z] >>> [apiv2][body] POST https://cloudresourcemanager.googleapis.com/v1/projects/webapp-portfolio:testIamPermissions {"permissions":["firebase.projects.get","firebasehosting.sites.update"]}
[debug] [2023-11-17T05:59:23.130Z] <<< [apiv2][status] POST https://cloudresourcemanager.googleapis.com/v1/projects/webapp-portfolio:testIamPermissions 200
[debug] [2023-11-17T05:59:23.130Z] <<< [apiv2][body] POST https://cloudresourcemanager.googleapis.com/v1/projects/webapp-portfolio:testIamPermissions {"permissions":["firebase.projects.get","firebasehosting.sites.update"]}
[debug] [2023-11-17T05:59:23.131Z] >>> [apiv2][query] GET https://firebase.googleapis.com/v1beta1/projects/webapp-portfolio [none]
[debug] [2023-11-17T05:59:23.476Z] <<< [apiv2][status] GET https://firebase.googleapis.com/v1beta1/projects/webapp-portfolio 200
[debug] [2023-11-17T05:59:23.477Z] <<< [apiv2][body] GET https://firebase.googleapis.com/v1beta1/projects/webapp-portfolio {"projectId":"webapp-portfolio","projectNumber":"1020973773008","displayName":"webapp-portfolio","name":"projects/webapp-portfolio","resources":{"hostingSite":"webapp-portfolio"},"state":"ACTIVE","etag":"1_5614195d-6dba-4f35-873b-690f93e94b7d"}
[info] 
[info] === Deploying to 'webapp-portfolio'...
[info] 
[info] i  deploying hosting 
[debug] [2023-11-17T05:59:23.490Z] >>> [apiv2][query] POST https://firebasehosting.googleapis.com/v1beta1/projects/-/sites/webapp-portfolio/versions [none]
[debug] [2023-11-17T05:59:23.490Z] >>> [apiv2][body] POST https://firebasehosting.googleapis.com/v1beta1/projects/-/sites/webapp-portfolio/versions {"status":"CREATED","labels":{"deployment-tool":"cli-firebase"}}
[debug] [2023-11-17T05:59:24.496Z] <<< [apiv2][status] POST https://firebasehosting.googleapis.com/v1beta1/projects/-/sites/webapp-portfolio/versions 500
[debug] [2023-11-17T05:59:24.497Z] <<< [apiv2][body] POST https://firebasehosting.googleapis.com/v1beta1/projects/-/sites/webapp-portfolio/versions {"error":{"code":500,"message":"Internal error encountered.","status":"INTERNAL"}}
[error] 
[error] Error: HTTP Error: 500, Internal error encountered.
[debug] [2023-11-17T05:59:24.598Z] Error Context: {
  "body": {
    "error": {
      "code": 500,
      "message": "Internal error encountered.",
      "status": "INTERNAL"
    }
  },
  "response": {
    "statusCode": 500
  }
}
